Using pre-set license
Built from '2020.3/staging' branch; Version is '2020.3.41f1 (7c19dc9acfda) revision 8133084'; Using compiler version '192528614'; Build Type 'Release'
OS: 'Windows 10  (10.0.19044) 64bit CoreSingleLanguage' Language: 'en' Physical Memory: 16225 MB
BatchMode: 1, IsHumanControllingUs: 0, StartBugReporterOnCrash: 0, Is64bit: 1, IsPro: 0

COMMAND LINE ARGUMENTS:
C:\Program Files\Unity\Hub\Editor\2020.3.41f1\Editor\Unity.exe
-adb2
-batchMode
-noUpm
-name
AssetImportWorker0
-projectPath
F:/Unity/Gamejam/ToastGameJam
-logFile
Logs/AssetImportWorker0.log
-srvPort
63013
Successfully changed project path to: F:/Unity/Gamejam/ToastGameJam
F:/Unity/Gamejam/ToastGameJam
Using Asset Import Pipeline V2.
Refreshing native plugins compatible for Editor in 59.80 ms, found 3 plugins.
Preloading 0 native plugins for Editor in 0.00 ms.
Initialize engine version: 2020.3.41f1 (7c19dc9acfda)
[Subsystems] Discovering subsystems at path C:/Program Files/Unity/Hub/Editor/2020.3.41f1/Editor/Data/Resources/UnitySubsystems
[Subsystems] Discovering subsystems at path F:/Unity/Gamejam/ToastGameJam/Assets
GfxDevice: creating device client; threaded=0
Direct3D:
    Version:  Direct3D 11.0 [level 11.1]
    Renderer: NVIDIA GeForce GTX 1650 (ID=0x1f91)
    Vendor:   
    VRAM:     3962 MB
    Driver:   31.0.15.2225
Initialize mono
Mono path[0] = 'C:/Program Files/Unity/Hub/Editor/2020.3.41f1/Editor/Data/Managed'
Mono path[1] = 'C:/Program Files/Unity/Hub/Editor/2020.3.41f1/Editor/Data/MonoBleedingEdge/lib/mono/unityjit'
Mono config path = 'C:/Program Files/Unity/Hub/Editor/2020.3.41f1/Editor/Data/MonoBleedingEdge/etc'
Using monoOptions --debugger-agent=transport=dt_socket,embedding=1,server=y,suspend=n,address=127.0.0.1:56736
Begin MonoManager ReloadAssembly
Registering precompiled unity dll's ...
Register platform support module: C:/Program Files/Unity/Hub/Editor/2020.3.41f1/Editor/Data/PlaybackEngines/WindowsStandaloneSupport/UnityEditor.WindowsStandalone.Extensions.dll
Registered in 0.002713 seconds.
Native extension for WindowsStandalone target not found
Refreshing native plugins compatible for Editor in 70.64 ms, found 3 plugins.
Preloading 0 native plugins for Editor in 0.00 ms.
Mono: successfully reloaded assembly
- Completed reload, in  0.861 seconds
Domain Reload Profiling:
	ReloadAssembly (861ms)
		BeginReloadAssembly (93ms)
			ExecutionOrderSort (0ms)
			DisableScriptedObjects (0ms)
			BackupInstance (0ms)
			ReleaseScriptingObjects (0ms)
			CreateAndSetChildDomain (1ms)
		EndReloadAssembly (686ms)
			LoadAssemblies (91ms)
			RebuildTransferFunctionScriptingTraits (0ms)
			SetupTypeCache (247ms)
			ReleaseScriptCaches (0ms)
			RebuildScriptCaches (41ms)
			SetupLoadedEditorAssemblies (250ms)
				LogAssemblyErrors (0ms)
				InitializePlatformSupportModulesInManaged (5ms)
				SetLoadedEditorAssemblies (0ms)
				RefreshPlugins (71ms)
				BeforeProcessingInitializeOnLoad (20ms)
				ProcessInitializeOnLoadAttributes (110ms)
				ProcessInitializeOnLoadMethodAttributes (43ms)
				AfterProcessingInitializeOnLoad (0ms)
				EditorAssembliesLoaded (0ms)
			ExecutionOrderSort2 (0ms)
			AwakeInstancesAfterBackupRestoration (0ms)
Platform modules already initialized, skipping
Registering precompiled user dll's ...
Registered in 0.002644 seconds.
Begin MonoManager ReloadAssembly
Native extension for WindowsStandalone target not found
Refreshing native plugins compatible for Editor in 60.14 ms, found 3 plugins.
Preloading 0 native plugins for Editor in 0.00 ms.
Mono: successfully reloaded assembly
- Completed reload, in  1.349 seconds
Domain Reload Profiling:
	ReloadAssembly (1350ms)
		BeginReloadAssembly (197ms)
			ExecutionOrderSort (0ms)
			DisableScriptedObjects (5ms)
			BackupInstance (0ms)
			ReleaseScriptingObjects (0ms)
			CreateAndSetChildDomain (27ms)
		EndReloadAssembly (1077ms)
			LoadAssemblies (129ms)
			RebuildTransferFunctionScriptingTraits (0ms)
			SetupTypeCache (372ms)
			ReleaseScriptCaches (0ms)
			RebuildScriptCaches (63ms)
			SetupLoadedEditorAssemblies (417ms)
				LogAssemblyErrors (0ms)
				InitializePlatformSupportModulesInManaged (4ms)
				SetLoadedEditorAssemblies (0ms)
				RefreshPlugins (60ms)
				BeforeProcessingInitializeOnLoad (92ms)
				ProcessInitializeOnLoadAttributes (229ms)
				ProcessInitializeOnLoadMethodAttributes (23ms)
				AfterProcessingInitializeOnLoad (8ms)
				EditorAssembliesLoaded (0ms)
			ExecutionOrderSort2 (0ms)
			AwakeInstancesAfterBackupRestoration (2ms)
Platform modules already initialized, skipping
========================================================================
Worker process is ready to serve import requests
Launched and connected shader compiler UnityShaderCompiler.exe after 0.07 seconds
Refreshing native plugins compatible for Editor in 1.10 ms, found 3 plugins.
Preloading 0 native plugins for Editor in 0.00 ms.
Unloading 2373 Unused Serialized files (Serialized files now loaded: 0)
System memory in use before: 102.6 MB.
System memory in use after: 102.7 MB.

Unloading 29 unused Assets to reduce memory usage. Loaded Objects now: 2809.
Total: 4.348500 ms (FindLiveObjects: 0.291500 ms CreateObjectMapping: 0.187900 ms MarkObjects: 3.690400 ms  DeleteObjects: 0.177000 ms)

AssetImportParameters requested are different than current active one (requested -> active):
  custom:framework-win-MediaFoundation: 216162199b28c13a410421893ffa2e32 -> 
  custom:video-decoder-ogg-theora: a1e56fd34408186e4bbccfd4996cb3dc -> 
  custom:container-muxer-webm: aa71ff27fc2769a1b78a27578f13a17b -> 
  custom:container-demuxer-webm: 4f35f7cbe854078d1ac9338744f61a02 -> 
  custom:container-demuxer-ogg: 62fdf1f143b41e24485cea50d1cbac27 -> 
  custom:video-encoder-webm-vp8: eb34c28f22e8b96e1ab97ce403110664 -> 
  custom:video-codec-MediaFoundation-h265: 746d11721c4dcdbdad8f713fa42b33f4 -> 
  custom:video-decoder-webm-vp8: 9c59270c3fd7afecdb556c50c9e8de78 -> 
  custom:audio-decoder-ogg-vorbis: bf7c407c2cedff20999df2af8eb42d56 -> 
  custom:audio-encoder-webm-vorbis: bf7c407c2cedff20999df2af8eb42d56 -> 
========================================================================
Received Import Request.
  path: Assets/ice_cave_background_by_pukahuna_d9xttd8.png
  artifactKey: Guid(13416db672e32e444882c68c74a5f936) Importer(815301076,1909f56bfc062723c751e8b465ee728b)
Start importing Assets/ice_cave_background_by_pukahuna_d9xttd8.png using Guid(13416db672e32e444882c68c74a5f936) Importer(815301076,1909f56bfc062723c751e8b465ee728b)  -> (artifact id: 'a4b07bf9b0891c4424821c8ab8cec88c') in 0.144036 seconds 
========================================================================
Received Prepare
Registering precompiled user dll's ...
Registered in 0.003099 seconds.
Begin MonoManager ReloadAssembly
Native extension for WindowsStandalone target not found
Refreshing native plugins compatible for Editor in 0.55 ms, found 3 plugins.
Preloading 0 native plugins for Editor in 0.00 ms.
Mono: successfully reloaded assembly
- Completed reload, in  1.436 seconds
Domain Reload Profiling:
	ReloadAssembly (1436ms)
		BeginReloadAssembly (181ms)
			ExecutionOrderSort (0ms)
			DisableScriptedObjects (11ms)
			BackupInstance (0ms)
			ReleaseScriptingObjects (0ms)
			CreateAndSetChildDomain (59ms)
		EndReloadAssembly (1167ms)
			LoadAssemblies (148ms)
			RebuildTransferFunctionScriptingTraits (0ms)
			SetupTypeCache (373ms)
			ReleaseScriptCaches (1ms)
			RebuildScriptCaches (67ms)
			SetupLoadedEditorAssemblies (459ms)
				LogAssemblyErrors (0ms)
				InitializePlatformSupportModulesInManaged (9ms)
				SetLoadedEditorAssemblies (1ms)
				RefreshPlugins (1ms)
				BeforeProcessingInitializeOnLoad (117ms)
				ProcessInitializeOnLoadAttributes (293ms)
				ProcessInitializeOnLoadMethodAttributes (28ms)
				AfterProcessingInitializeOnLoad (12ms)
				EditorAssembliesLoaded (0ms)
			ExecutionOrderSort2 (0ms)
			AwakeInstancesAfterBackupRestoration (5ms)
Platform modules already initialized, skipping
Refreshing native plugins compatible for Editor in 1.08 ms, found 3 plugins.
Preloading 0 native plugins for Editor in 0.00 ms.
Unloading 2363 Unused Serialized files (Serialized files now loaded: 0)
System memory in use before: 105.2 MB.
System memory in use after: 105.3 MB.

Unloading 18 unused Assets to reduce memory usage. Loaded Objects now: 2819.
Total: 4.006300 ms (FindLiveObjects: 0.198900 ms CreateObjectMapping: 0.112200 ms MarkObjects: 3.580700 ms  DeleteObjects: 0.113200 ms)

AssetImportParameters requested are different than current active one (requested -> active):
  custom:framework-win-MediaFoundation: 216162199b28c13a410421893ffa2e32 -> 
  custom:video-decoder-ogg-theora: a1e56fd34408186e4bbccfd4996cb3dc -> 
  custom:container-muxer-webm: aa71ff27fc2769a1b78a27578f13a17b -> 
  custom:container-demuxer-webm: 4f35f7cbe854078d1ac9338744f61a02 -> 
  custom:container-demuxer-ogg: 62fdf1f143b41e24485cea50d1cbac27 -> 
  custom:video-encoder-webm-vp8: eb34c28f22e8b96e1ab97ce403110664 -> 
  custom:video-codec-MediaFoundation-h265: 746d11721c4dcdbdad8f713fa42b33f4 -> 
  custom:video-decoder-webm-vp8: 9c59270c3fd7afecdb556c50c9e8de78 -> 
  custom:audio-decoder-ogg-vorbis: bf7c407c2cedff20999df2af8eb42d56 -> 
  custom:audio-encoder-webm-vorbis: bf7c407c2cedff20999df2af8eb42d56 -> 
========================================================================
Received Import Request.
  Time since last request: 277.072704 seconds.
  path: Assets/ice_cave_background_by_pukahuna_d9xttd8.png
  artifactKey: Guid(13416db672e32e444882c68c74a5f936) Importer(815301076,1909f56bfc062723c751e8b465ee728b)
Start importing Assets/ice_cave_background_by_pukahuna_d9xttd8.png using Guid(13416db672e32e444882c68c74a5f936) Importer(815301076,1909f56bfc062723c751e8b465ee728b)  -> (artifact id: 'e1a10f220d35ce7d7670466d29ef4455') in 0.063780 seconds 
========================================================================
Received Import Request.
  Time since last request: 14.565153 seconds.
  path: Assets/ice_cave_background_by_pukahuna_d9xttd8.png
  artifactKey: Guid(13416db672e32e444882c68c74a5f936) Importer(815301076,1909f56bfc062723c751e8b465ee728b)
Start importing Assets/ice_cave_background_by_pukahuna_d9xttd8.png using Guid(13416db672e32e444882c68c74a5f936) Importer(815301076,1909f56bfc062723c751e8b465ee728b)  -> (artifact id: 'c30b423ecfd63d003c06cbcfd9c7bf47') in 0.027475 seconds 
========================================================================
Received Import Request.
  Time since last request: 141.748093 seconds.
  path: Assets/ice_cave_background_by_pukahuna_d9xttd8.png
  artifactKey: Guid(13416db672e32e444882c68c74a5f936) Importer(815301076,1909f56bfc062723c751e8b465ee728b)
Start importing Assets/ice_cave_background_by_pukahuna_d9xttd8.png using Guid(13416db672e32e444882c68c74a5f936) Importer(815301076,1909f56bfc062723c751e8b465ee728b)  -> (artifact id: '1c5802317574b1d500236079b05325d6') in 0.027436 seconds 
========================================================================
Received Import Request.
  Time since last request: 3.266043 seconds.
  path: Assets/ice_cave_background_by_pukahuna_d9xttd8.png
  artifactKey: Guid(13416db672e32e444882c68c74a5f936) Importer(815301076,1909f56bfc062723c751e8b465ee728b)
Start importing Assets/ice_cave_background_by_pukahuna_d9xttd8.png using Guid(13416db672e32e444882c68c74a5f936) Importer(815301076,1909f56bfc062723c751e8b465ee728b)  -> (artifact id: '3463d462c8af78321e285def55e580f3') in 0.017364 seconds 
========================================================================
Received Import Request.
  Time since last request: 12.679966 seconds.
  path: Assets/ice_cave_background_by_pukahuna_d9xttd8.png
  artifactKey: Guid(13416db672e32e444882c68c74a5f936) Importer(815301076,1909f56bfc062723c751e8b465ee728b)
Start importing Assets/ice_cave_background_by_pukahuna_d9xttd8.png using Guid(13416db672e32e444882c68c74a5f936) Importer(815301076,1909f56bfc062723c751e8b465ee728b)  -> (artifact id: 'b16c5ff2a36cc848a8af672ba9a3c08f') in 0.018114 seconds 
========================================================================
Received Import Request.
  Time since last request: 5.365337 seconds.
  path: Assets/ice_cave_background_by_pukahuna_d9xttd8.png
  artifactKey: Guid(13416db672e32e444882c68c74a5f936) Importer(815301076,1909f56bfc062723c751e8b465ee728b)
Start importing Assets/ice_cave_background_by_pukahuna_d9xttd8.png using Guid(13416db672e32e444882c68c74a5f936) Importer(815301076,1909f56bfc062723c751e8b465ee728b)  -> (artifact id: 'eb1f2c1e18db23528da249a64e0a07fb') in 0.018438 seconds 
========================================================================
Received Import Request.
  Time since last request: 21.280405 seconds.
  path: Assets/ice_cave_background_by_pukahuna_d9xttd8.png
  artifactKey: Guid(13416db672e32e444882c68c74a5f936) Importer(815301076,1909f56bfc062723c751e8b465ee728b)
Start importing Assets/ice_cave_background_by_pukahuna_d9xttd8.png using Guid(13416db672e32e444882c68c74a5f936) Importer(815301076,1909f56bfc062723c751e8b465ee728b)  -> (artifact id: 'b3d6f1823e32e0a9218a5981e7b9218c') in 0.013120 seconds 
========================================================================
Received Prepare
Registering precompiled user dll's ...
Registered in 0.003260 seconds.
Begin MonoManager ReloadAssembly
Native extension for WindowsStandalone target not found
Refreshing native plugins compatible for Editor in 0.59 ms, found 3 plugins.
Preloading 0 native plugins for Editor in 0.00 ms.
Mono: successfully reloaded assembly
- Completed reload, in  1.300 seconds
Domain Reload Profiling:
	ReloadAssembly (1301ms)
		BeginReloadAssembly (143ms)
			ExecutionOrderSort (0ms)
			DisableScriptedObjects (6ms)
			BackupInstance (0ms)
			ReleaseScriptingObjects (0ms)
			CreateAndSetChildDomain (48ms)
		EndReloadAssembly (1084ms)
			LoadAssemblies (121ms)
			RebuildTransferFunctionScriptingTraits (0ms)
			SetupTypeCache (367ms)
			ReleaseScriptCaches (1ms)
			RebuildScriptCaches (51ms)
			SetupLoadedEditorAssemblies (434ms)
				LogAssemblyErrors (0ms)
				InitializePlatformSupportModulesInManaged (6ms)
				SetLoadedEditorAssemblies (1ms)
				RefreshPlugins (1ms)
				BeforeProcessingInitializeOnLoad (112ms)
				ProcessInitializeOnLoadAttributes (281ms)
				ProcessInitializeOnLoadMethodAttributes (21ms)
				AfterProcessingInitializeOnLoad (13ms)
				EditorAssembliesLoaded (0ms)
			ExecutionOrderSort2 (0ms)
			AwakeInstancesAfterBackupRestoration (6ms)
Platform modules already initialized, skipping
Refreshing native plugins compatible for Editor in 0.89 ms, found 3 plugins.
Preloading 0 native plugins for Editor in 0.00 ms.
Unloading 2363 Unused Serialized files (Serialized files now loaded: 0)
System memory in use before: 105.2 MB.
System memory in use after: 105.4 MB.

Unloading 18 unused Assets to reduce memory usage. Loaded Objects now: 2823.
Total: 3.368200 ms (FindLiveObjects: 0.181100 ms CreateObjectMapping: 0.098400 ms MarkObjects: 2.962300 ms  DeleteObjects: 0.124900 ms)

AssetImportParameters requested are different than current active one (requested -> active):
  custom:framework-win-MediaFoundation: 216162199b28c13a410421893ffa2e32 -> 
  custom:video-decoder-ogg-theora: a1e56fd34408186e4bbccfd4996cb3dc -> 
  custom:container-muxer-webm: aa71ff27fc2769a1b78a27578f13a17b -> 
  custom:container-demuxer-webm: 4f35f7cbe854078d1ac9338744f61a02 -> 
  custom:container-demuxer-ogg: 62fdf1f143b41e24485cea50d1cbac27 -> 
  custom:video-encoder-webm-vp8: eb34c28f22e8b96e1ab97ce403110664 -> 
  custom:video-codec-MediaFoundation-h265: 746d11721c4dcdbdad8f713fa42b33f4 -> 
  custom:video-decoder-webm-vp8: 9c59270c3fd7afecdb556c50c9e8de78 -> 
  custom:audio-decoder-ogg-vorbis: bf7c407c2cedff20999df2af8eb42d56 -> 
  custom:audio-encoder-webm-vorbis: bf7c407c2cedff20999df2af8eb42d56 -> 
========================================================================
Received Import Request.
  Time since last request: 76.023005 seconds.
  path: Assets/ice_cave_background_by_pukahuna_d9xttd8.png
  artifactKey: Guid(13416db672e32e444882c68c74a5f936) Importer(815301076,1909f56bfc062723c751e8b465ee728b)
Start importing Assets/ice_cave_background_by_pukahuna_d9xttd8.png using Guid(13416db672e32e444882c68c74a5f936) Importer(815301076,1909f56bfc062723c751e8b465ee728b)  -> (artifact id: '4ade1ce91b54f56df8c7d65fd62603bb') in 0.058222 seconds 
========================================================================
Received Import Request.
  Time since last request: 17.015326 seconds.
  path: Assets/ice_cave_background_by_pukahuna_d9xttd8.png
  artifactKey: Guid(13416db672e32e444882c68c74a5f936) Importer(815301076,1909f56bfc062723c751e8b465ee728b)
Start importing Assets/ice_cave_background_by_pukahuna_d9xttd8.png using Guid(13416db672e32e444882c68c74a5f936) Importer(815301076,1909f56bfc062723c751e8b465ee728b)  -> (artifact id: '5505b5a9af84ee08c9f27432c66e6cee') in 0.019424 seconds 
========================================================================
Received Prepare
Registering precompiled user dll's ...
Registered in 0.002274 seconds.
Begin MonoManager ReloadAssembly
Native extension for WindowsStandalone target not found
Refreshing native plugins compatible for Editor in 0.57 ms, found 3 plugins.
Preloading 0 native plugins for Editor in 0.00 ms.
Mono: successfully reloaded assembly
- Completed reload, in  1.010 seconds
Domain Reload Profiling:
	ReloadAssembly (1010ms)
		BeginReloadAssembly (120ms)
			ExecutionOrderSort (0ms)
			DisableScriptedObjects (6ms)
			BackupInstance (0ms)
			ReleaseScriptingObjects (0ms)
			CreateAndSetChildDomain (34ms)
		EndReloadAssembly (829ms)
			LoadAssemblies (102ms)
			RebuildTransferFunctionScriptingTraits (0ms)
			SetupTypeCache (282ms)
			ReleaseScriptCaches (1ms)
			RebuildScriptCaches (47ms)
			SetupLoadedEditorAssemblies (324ms)
				LogAssemblyErrors (0ms)
				InitializePlatformSupportModulesInManaged (5ms)
				SetLoadedEditorAssemblies (1ms)
				RefreshPlugins (1ms)
				BeforeProcessingInitializeOnLoad (83ms)
				ProcessInitializeOnLoadAttributes (212ms)
				ProcessInitializeOnLoadMethodAttributes (16ms)
				AfterProcessingInitializeOnLoad (8ms)
				EditorAssembliesLoaded (0ms)
			ExecutionOrderSort2 (0ms)
			AwakeInstancesAfterBackupRestoration (4ms)
Platform modules already initialized, skipping
Refreshing native plugins compatible for Editor in 0.57 ms, found 3 plugins.
Preloading 0 native plugins for Editor in 0.00 ms.
Unloading 2363 Unused Serialized files (Serialized files now loaded: 0)
System memory in use before: 105.2 MB.
System memory in use after: 105.4 MB.

Unloading 18 unused Assets to reduce memory usage. Loaded Objects now: 2827.
Total: 3.300800 ms (FindLiveObjects: 0.202600 ms CreateObjectMapping: 0.117600 ms MarkObjects: 2.898700 ms  DeleteObjects: 0.081100 ms)

AssetImportParameters requested are different than current active one (requested -> active):
  custom:framework-win-MediaFoundation: 216162199b28c13a410421893ffa2e32 -> 
  custom:video-decoder-ogg-theora: a1e56fd34408186e4bbccfd4996cb3dc -> 
  custom:container-muxer-webm: aa71ff27fc2769a1b78a27578f13a17b -> 
  custom:container-demuxer-webm: 4f35f7cbe854078d1ac9338744f61a02 -> 
  custom:container-demuxer-ogg: 62fdf1f143b41e24485cea50d1cbac27 -> 
  custom:video-encoder-webm-vp8: eb34c28f22e8b96e1ab97ce403110664 -> 
  custom:video-codec-MediaFoundation-h265: 746d11721c4dcdbdad8f713fa42b33f4 -> 
  custom:video-decoder-webm-vp8: 9c59270c3fd7afecdb556c50c9e8de78 -> 
  custom:audio-decoder-ogg-vorbis: bf7c407c2cedff20999df2af8eb42d56 -> 
  custom:audio-encoder-webm-vorbis: bf7c407c2cedff20999df2af8eb42d56 -> 
========================================================================
Received Import Request.
  Time since last request: 535.066959 seconds.
  path: Assets/Tilesets/Dungeon/Dungeon.prefab
  artifactKey: Guid(fd5e79617b7a94942b927d4696191e42) Importer(815301076,1909f56bfc062723c751e8b465ee728b)
Start importing Assets/Tilesets/Dungeon/Dungeon.prefab using Guid(fd5e79617b7a94942b927d4696191e42) Importer(815301076,1909f56bfc062723c751e8b465ee728b)  -> (artifact id: '3dce53b31eed3a28e76ea4842ad80f91') in 0.089196 seconds 
========================================================================
Received Import Request.
  Time since last request: 0.000385 seconds.
  path: Assets/Tilesets/Dungeon/tileset-cave_0.asset
  artifactKey: Guid(9694d0d2fbdd1494abf25d81660b52bf) Importer(815301076,1909f56bfc062723c751e8b465ee728b)
Start importing Assets/Tilesets/Dungeon/tileset-cave_0.asset using Guid(9694d0d2fbdd1494abf25d81660b52bf) Importer(815301076,1909f56bfc062723c751e8b465ee728b)  -> (artifact id: 'ccb854b0b74930abe08b46f44e9745bd') in 0.017371 seconds 
========================================================================
Received Import Request.
  Time since last request: 0.000479 seconds.
  path: Assets/Tilesets/Dungeon/tileset-cave_6.asset
  artifactKey: Guid(9eb7747d2ebe45c48b2da46a3950933c) Importer(815301076,1909f56bfc062723c751e8b465ee728b)
Start importing Assets/Tilesets/Dungeon/tileset-cave_6.asset using Guid(9eb7747d2ebe45c48b2da46a3950933c) Importer(815301076,1909f56bfc062723c751e8b465ee728b)  -> (artifact id: 'c0fe721eca82973075d753f160d3e1ce') in 0.004887 seconds 
========================================================================
Received Import Request.
  Time since last request: 0.000336 seconds.
  path: Assets/Tilesets/Dungeon/tileset-cave_5.asset
  artifactKey: Guid(91d997e2d6ef13542a296c9b320c7aaa) Importer(815301076,1909f56bfc062723c751e8b465ee728b)
Start importing Assets/Tilesets/Dungeon/tileset-cave_5.asset using Guid(91d997e2d6ef13542a296c9b320c7aaa) Importer(815301076,1909f56bfc062723c751e8b465ee728b)  -> (artifact id: '146017605f53a01549419eb427a0eea8') in 0.007942 seconds 
========================================================================
Received Import Request.
  Time since last request: 0.000307 seconds.
  path: Assets/Tilesets/Dungeon/tileset-cave_9.asset
  artifactKey: Guid(f4a36d25369e76c488a6feaf1493f739) Importer(815301076,1909f56bfc062723c751e8b465ee728b)
Start importing Assets/Tilesets/Dungeon/tileset-cave_9.asset using Guid(f4a36d25369e76c488a6feaf1493f739) Importer(815301076,1909f56bfc062723c751e8b465ee728b)  -> (artifact id: '207751459fb17127ca37c8d3a4c4105f') in 0.007911 seconds 
========================================================================
Received Import Request.
  Time since last request: 0.000344 seconds.
  path: Assets/Tilesets/Dungeon/tileset-cave_8.asset
  artifactKey: Guid(af3a265918d57984dbeb8ca59b6b50f3) Importer(815301076,1909f56bfc062723c751e8b465ee728b)
Start importing Assets/Tilesets/Dungeon/tileset-cave_8.asset using Guid(af3a265918d57984dbeb8ca59b6b50f3) Importer(815301076,1909f56bfc062723c751e8b465ee728b)  -> (artifact id: '19e17d52438396e82cc7279479441888') in 0.008481 seconds 
========================================================================
Received Import Request.
  Time since last request: 0.000380 seconds.
  path: Assets/Tilesets/Dungeon/tileset-cave_3.asset
  artifactKey: Guid(45461ed4827dbd6409544930f1452dfe) Importer(815301076,1909f56bfc062723c751e8b465ee728b)
Start importing Assets/Tilesets/Dungeon/tileset-cave_3.asset using Guid(45461ed4827dbd6409544930f1452dfe) Importer(815301076,1909f56bfc062723c751e8b465ee728b)  -> (artifact id: 'f6e4f1253a7fffffab7930e097c7d7c0') in 0.005393 seconds 
========================================================================
Received Import Request.
  Time since last request: 0.000463 seconds.
  path: Assets/Tilesets/Dungeon/tileset-cave_4.asset
  artifactKey: Guid(f686f2d016784134a9e80707e0268899) Importer(815301076,1909f56bfc062723c751e8b465ee728b)
Start importing Assets/Tilesets/Dungeon/tileset-cave_4.asset using Guid(f686f2d016784134a9e80707e0268899) Importer(815301076,1909f56bfc062723c751e8b465ee728b)  -> (artifact id: '221a213d1b0aa65b88270ec0616aba32') in 0.005306 seconds 
========================================================================
Received Import Request.
  Time since last request: 0.000348 seconds.
  path: Assets/Tilesets/Dungeon/tileset-cave_11.asset
  artifactKey: Guid(b2d552299cee3e84386cda9e5da767ce) Importer(815301076,1909f56bfc062723c751e8b465ee728b)
Start importing Assets/Tilesets/Dungeon/tileset-cave_11.asset using Guid(b2d552299cee3e84386cda9e5da767ce) Importer(815301076,1909f56bfc062723c751e8b465ee728b)  -> (artifact id: 'fabe2dba671d48165e3297b004396ea0') in 0.005785 seconds 
========================================================================
Received Import Request.
  Time since last request: 0.000375 seconds.
  path: Assets/Tilesets/Dungeon/tileset-cave_7.asset
  artifactKey: Guid(354cf34a63ab9274eaa36b989f194a5a) Importer(815301076,1909f56bfc062723c751e8b465ee728b)
Start importing Assets/Tilesets/Dungeon/tileset-cave_7.asset using Guid(354cf34a63ab9274eaa36b989f194a5a) Importer(815301076,1909f56bfc062723c751e8b465ee728b)  -> (artifact id: '8973902629662216cfa806478dafd78f') in 0.008581 seconds 
========================================================================
Received Import Request.
  Time since last request: 0.000411 seconds.
  path: Assets/Tilesets/Dungeon/tileset-cave_2.asset
  artifactKey: Guid(5b734566f8ac8554f96286f5531a2041) Importer(815301076,1909f56bfc062723c751e8b465ee728b)
Start importing Assets/Tilesets/Dungeon/tileset-cave_2.asset using Guid(5b734566f8ac8554f96286f5531a2041) Importer(815301076,1909f56bfc062723c751e8b465ee728b)  -> (artifact id: '1052214c7297671a9d7d309d67db5484') in 0.006298 seconds 
========================================================================
Received Import Request.
  Time since last request: 0.000313 seconds.
  path: Assets/Tilesets/Dungeon/tileset-cave_1.asset
  artifactKey: Guid(30ef8d16947dd7248882e4f302910ffd) Importer(815301076,1909f56bfc062723c751e8b465ee728b)
Start importing Assets/Tilesets/Dungeon/tileset-cave_1.asset using Guid(30ef8d16947dd7248882e4f302910ffd) Importer(815301076,1909f56bfc062723c751e8b465ee728b)  -> (artifact id: 'cd3ab1c890ec0eab9341e5201832a03a') in 0.006000 seconds 
========================================================================
Received Import Request.
  Time since last request: 0.000273 seconds.
  path: Assets/Tilesets/Dungeon/tileset-cave_10.asset
  artifactKey: Guid(813b920a6a98b5d48bcaae364f35586e) Importer(815301076,1909f56bfc062723c751e8b465ee728b)
Start importing Assets/Tilesets/Dungeon/tileset-cave_10.asset using Guid(813b920a6a98b5d48bcaae364f35586e) Importer(815301076,1909f56bfc062723c751e8b465ee728b)  -> (artifact id: 'de82c78f0887f23e81271fabd12ca96b') in 0.005633 seconds 
========================================================================
Received Import Request.
  Time since last request: 62.456267 seconds.
  path: Assets/Tilesets/Dungeon/Dungeon.prefab
  artifactKey: Guid(fd5e79617b7a94942b927d4696191e42) Importer(815301076,1909f56bfc062723c751e8b465ee728b)
Start importing Assets/Tilesets/Dungeon/Dungeon.prefab using Guid(fd5e79617b7a94942b927d4696191e42) Importer(815301076,1909f56bfc062723c751e8b465ee728b)  -> (artifact id: '322b57f17ae51eb6bac1bf972f6335c0') in 0.042241 seconds 
========================================================================
Received Import Request.
  Time since last request: 0.000258 seconds.
  path: Assets/Tilesets/Dungeon/tileset-cave_0.asset
  artifactKey: Guid(9694d0d2fbdd1494abf25d81660b52bf) Importer(815301076,1909f56bfc062723c751e8b465ee728b)
Start importing Assets/Tilesets/Dungeon/tileset-cave_0.asset using Guid(9694d0d2fbdd1494abf25d81660b52bf) Importer(815301076,1909f56bfc062723c751e8b465ee728b)  -> (artifact id: 'ffea0c52d49afcb5f801d0cdd9e675af') in 0.010935 seconds 
========================================================================
Received Import Request.
  Time since last request: 0.000286 seconds.
  path: Assets/Tilesets/Dungeon/tileset-cave_6.asset
  artifactKey: Guid(9eb7747d2ebe45c48b2da46a3950933c) Importer(815301076,1909f56bfc062723c751e8b465ee728b)
Start importing Assets/Tilesets/Dungeon/tileset-cave_6.asset using Guid(9eb7747d2ebe45c48b2da46a3950933c) Importer(815301076,1909f56bfc062723c751e8b465ee728b)  -> (artifact id: '0c2f56346e72d0e861dc81ea9208b92f') in 0.007128 seconds 
========================================================================
Received Import Request.
  Time since last request: 0.000389 seconds.
  path: Assets/Tilesets/Dungeon/tileset-cave_5.asset
  artifactKey: Guid(91d997e2d6ef13542a296c9b320c7aaa) Importer(815301076,1909f56bfc062723c751e8b465ee728b)
Start importing Assets/Tilesets/Dungeon/tileset-cave_5.asset using Guid(91d997e2d6ef13542a296c9b320c7aaa) Importer(815301076,1909f56bfc062723c751e8b465ee728b)  -> (artifact id: 'b38fd9d0b99c724d5c0f83a767f058e3') in 0.006323 seconds 
========================================================================
Received Import Request.
  Time since last request: 0.000285 seconds.
  path: Assets/Tilesets/Dungeon/tileset-cave_9.asset
  artifactKey: Guid(f4a36d25369e76c488a6feaf1493f739) Importer(815301076,1909f56bfc062723c751e8b465ee728b)
Start importing Assets/Tilesets/Dungeon/tileset-cave_9.asset using Guid(f4a36d25369e76c488a6feaf1493f739) Importer(815301076,1909f56bfc062723c751e8b465ee728b)  -> (artifact id: '28bfc75ee1cbdf0e195f76fdf0ff92b5') in 0.010362 seconds 
========================================================================
Received Import Request.
  Time since last request: 0.000253 seconds.
  path: Assets/Tilesets/Dungeon/tileset-cave_8.asset
  artifactKey: Guid(af3a265918d57984dbeb8ca59b6b50f3) Importer(815301076,1909f56bfc062723c751e8b465ee728b)
Start importing Assets/Tilesets/Dungeon/tileset-cave_8.asset using Guid(af3a265918d57984dbeb8ca59b6b50f3) Importer(815301076,1909f56bfc062723c751e8b465ee728b)  -> (artifact id: '2f402ffd16ae478bdb2e28be64cff6f1') in 0.004285 seconds 
========================================================================
Received Import Request.
  Time since last request: 0.000399 seconds.
  path: Assets/Tilesets/Dungeon/tileset-cave_3.asset
  artifactKey: Guid(45461ed4827dbd6409544930f1452dfe) Importer(815301076,1909f56bfc062723c751e8b465ee728b)
Start importing Assets/Tilesets/Dungeon/tileset-cave_3.asset using Guid(45461ed4827dbd6409544930f1452dfe) Importer(815301076,1909f56bfc062723c751e8b465ee728b)  -> (artifact id: '3dca37dbd19233421a3b7946d9b091b9') in 0.006900 seconds 
========================================================================
Received Import Request.
  Time since last request: 0.000287 seconds.
  path: Assets/Cave Platformer Tileset/Enviroment sprite sheets/cave_tileset.png
  artifactKey: Guid(894640e3f9d838a4499398609b715c7f) Importer(815301076,1909f56bfc062723c751e8b465ee728b)
Start importing Assets/Cave Platformer Tileset/Enviroment sprite sheets/cave_tileset.png using Guid(894640e3f9d838a4499398609b715c7f) Importer(815301076,1909f56bfc062723c751e8b465ee728b)  -> (artifact id: '5927dbee085bdb07559f1096d783c136') in 0.220837 seconds 
========================================================================
Received Import Request.
  Time since last request: 0.000409 seconds.
  path: Assets/Tilesets/Dungeon/tileset-cave_4.asset
  artifactKey: Guid(f686f2d016784134a9e80707e0268899) Importer(815301076,1909f56bfc062723c751e8b465ee728b)
Start importing Assets/Tilesets/Dungeon/tileset-cave_4.asset using Guid(f686f2d016784134a9e80707e0268899) Importer(815301076,1909f56bfc062723c751e8b465ee728b)  -> (artifact id: '95f4417cf51bf98f2309f1656250662c') in 0.004396 seconds 
========================================================================
Received Import Request.
  Time since last request: 0.000311 seconds.
  path: Assets/Tilesets/Dungeon/tileset-cave_11.asset
  artifactKey: Guid(b2d552299cee3e84386cda9e5da767ce) Importer(815301076,1909f56bfc062723c751e8b465ee728b)
Start importing Assets/Tilesets/Dungeon/tileset-cave_11.asset using Guid(b2d552299cee3e84386cda9e5da767ce) Importer(815301076,1909f56bfc062723c751e8b465ee728b)  -> (artifact id: '18c0e76317224a49de8caad10887ec06') in 0.004964 seconds 
========================================================================
Received Import Request.
  Time since last request: 0.000304 seconds.
  path: Assets/Tilesets/Dungeon/tileset-cave_7.asset
  artifactKey: Guid(354cf34a63ab9274eaa36b989f194a5a) Importer(815301076,1909f56bfc062723c751e8b465ee728b)
Start importing Assets/Tilesets/Dungeon/tileset-cave_7.asset using Guid(354cf34a63ab9274eaa36b989f194a5a) Importer(815301076,1909f56bfc062723c751e8b465ee728b)  -> (artifact id: '5697aca93582b036fd1cb270d18b6adf') in 0.004866 seconds 
========================================================================
Received Import Request.
  Time since last request: 0.000502 seconds.
  path: Assets/Tilesets/Dungeon/tileset-cave_2.asset
  artifactKey: Guid(5b734566f8ac8554f96286f5531a2041) Importer(815301076,1909f56bfc062723c751e8b465ee728b)
Start importing Assets/Tilesets/Dungeon/tileset-cave_2.asset using Guid(5b734566f8ac8554f96286f5531a2041) Importer(815301076,1909f56bfc062723c751e8b465ee728b)  -> (artifact id: 'd39118d3b3d639c38db9490a177fb75b') in 0.005324 seconds 
========================================================================
Received Import Request.
  Time since last request: 0.000392 seconds.
  path: Assets/Tilesets/Dungeon/tileset-cave_1.asset
  artifactKey: Guid(30ef8d16947dd7248882e4f302910ffd) Importer(815301076,1909f56bfc062723c751e8b465ee728b)
Start importing Assets/Tilesets/Dungeon/tileset-cave_1.asset using Guid(30ef8d16947dd7248882e4f302910ffd) Importer(815301076,1909f56bfc062723c751e8b465ee728b)  -> (artifact id: '023b2038ed7306c73b92f635a50f05d6') in 0.004525 seconds 
========================================================================
Received Import Request.
  Time since last request: 0.000391 seconds.
  path: Assets/Tilesets/Dungeon/tileset-cave_10.asset
  artifactKey: Guid(813b920a6a98b5d48bcaae364f35586e) Importer(815301076,1909f56bfc062723c751e8b465ee728b)
Start importing Assets/Tilesets/Dungeon/tileset-cave_10.asset using Guid(813b920a6a98b5d48bcaae364f35586e) Importer(815301076,1909f56bfc062723c751e8b465ee728b)  -> (artifact id: '49b3c1fbe3f97143956f8c9937f07853') in 0.004979 seconds 
========================================================================
Received Import Request.
  Time since last request: 26.266723 seconds.
  path: Assets/Tilesets/Dungeon/Dungeon.prefab
  artifactKey: Guid(fd5e79617b7a94942b927d4696191e42) Importer(815301076,1909f56bfc062723c751e8b465ee728b)
Start importing Assets/Tilesets/Dungeon/Dungeon.prefab using Guid(fd5e79617b7a94942b927d4696191e42) Importer(815301076,1909f56bfc062723c751e8b465ee728b)  -> (artifact id: 'acb795e40f12733aae37a9c13702883a') in 0.039132 seconds 
========================================================================
Received Import Request.
  Time since last request: 0.000313 seconds.
  path: Assets/Tilesets/Dungeon/tileset-cave_0.asset
  artifactKey: Guid(9694d0d2fbdd1494abf25d81660b52bf) Importer(815301076,1909f56bfc062723c751e8b465ee728b)
Start importing Assets/Tilesets/Dungeon/tileset-cave_0.asset using Guid(9694d0d2fbdd1494abf25d81660b52bf) Importer(815301076,1909f56bfc062723c751e8b465ee728b)  -> (artifact id: '36ba3174852f4922f510a403909597c6') in 0.004809 seconds 
========================================================================
Received Import Request.
  Time since last request: 0.000358 seconds.
  path: Assets/Tilesets/Dungeon/tileset-cave_6.asset
  artifactKey: Guid(9eb7747d2ebe45c48b2da46a3950933c) Importer(815301076,1909f56bfc062723c751e8b465ee728b)
Start importing Assets/Tilesets/Dungeon/tileset-cave_6.asset using Guid(9eb7747d2ebe45c48b2da46a3950933c) Importer(815301076,1909f56bfc062723c751e8b465ee728b)  -> (artifact id: 'd78e289b82abe76d36138764bf971d46') in 0.006840 seconds 
========================================================================
Received Import Request.
  Time since last request: 0.000521 seconds.
  path: Assets/Tilesets/Dungeon/tileset-cave_5.asset
  artifactKey: Guid(91d997e2d6ef13542a296c9b320c7aaa) Importer(815301076,1909f56bfc062723c751e8b465ee728b)
Start importing Assets/Tilesets/Dungeon/tileset-cave_5.asset using Guid(91d997e2d6ef13542a296c9b320c7aaa) Importer(815301076,1909f56bfc062723c751e8b465ee728b)  -> (artifact id: '13c24f3fe5f91cb704223ac3531d19c4') in 0.005062 seconds 
========================================================================
Received Import Request.
  Time since last request: 0.000330 seconds.
  path: Assets/Tilesets/Dungeon/tileset-cave_9.asset
  artifactKey: Guid(f4a36d25369e76c488a6feaf1493f739) Importer(815301076,1909f56bfc062723c751e8b465ee728b)
Start importing Assets/Tilesets/Dungeon/tileset-cave_9.asset using Guid(f4a36d25369e76c488a6feaf1493f739) Importer(815301076,1909f56bfc062723c751e8b465ee728b)  -> (artifact id: '2155b3f8c37738116b5d22c4930ae15b') in 0.004934 seconds 
========================================================================
Received Import Request.
  Time since last request: 0.000307 seconds.
  path: Assets/Tilesets/Dungeon/tileset-cave_8.asset
  artifactKey: Guid(af3a265918d57984dbeb8ca59b6b50f3) Importer(815301076,1909f56bfc062723c751e8b465ee728b)
Start importing Assets/Tilesets/Dungeon/tileset-cave_8.asset using Guid(af3a265918d57984dbeb8ca59b6b50f3) Importer(815301076,1909f56bfc062723c751e8b465ee728b)  -> (artifact id: '5de4f24856415701b321af47ae33eb17') in 0.010475 seconds 
========================================================================
Received Import Request.
  Time since last request: 0.000287 seconds.
  path: Assets/Tilesets/Dungeon/tileset-cave_3.asset
  artifactKey: Guid(45461ed4827dbd6409544930f1452dfe) Importer(815301076,1909f56bfc062723c751e8b465ee728b)
Start importing Assets/Tilesets/Dungeon/tileset-cave_3.asset using Guid(45461ed4827dbd6409544930f1452dfe) Importer(815301076,1909f56bfc062723c751e8b465ee728b)  -> (artifact id: 'dcc983f1d23e462cecdb1c5087e39781') in 0.010048 seconds 
========================================================================
Received Import Request.
  Time since last request: 0.000305 seconds.
  path: Assets/Cave Platformer Tileset/Enviroment sprite sheets/cave_tileset.png
  artifactKey: Guid(894640e3f9d838a4499398609b715c7f) Importer(815301076,1909f56bfc062723c751e8b465ee728b)
Start importing Assets/Cave Platformer Tileset/Enviroment sprite sheets/cave_tileset.png using Guid(894640e3f9d838a4499398609b715c7f) Importer(815301076,1909f56bfc062723c751e8b465ee728b)  -> (artifact id: '2698d3787a06c02b7a3b5ec7cbb7f0b1') in 0.242370 seconds 
========================================================================
Received Import Request.
  Time since last request: 0.000355 seconds.
  path: Assets/Tilesets/Dungeon/tileset-cave_4.asset
  artifactKey: Guid(f686f2d016784134a9e80707e0268899) Importer(815301076,1909f56bfc062723c751e8b465ee728b)
Start importing Assets/Tilesets/Dungeon/tileset-cave_4.asset using Guid(f686f2d016784134a9e80707e0268899) Importer(815301076,1909f56bfc062723c751e8b465ee728b)  -> (artifact id: 'f8b67233efd6d796718c631e8b07327d') in 0.008498 seconds 
========================================================================
Received Import Request.
  Time since last request: 0.000368 seconds.
  path: Assets/Tilesets/Dungeon/tileset-cave_11.asset
  artifactKey: Guid(b2d552299cee3e84386cda9e5da767ce) Importer(815301076,1909f56bfc062723c751e8b465ee728b)
Start importing Assets/Tilesets/Dungeon/tileset-cave_11.asset using Guid(b2d552299cee3e84386cda9e5da767ce) Importer(815301076,1909f56bfc062723c751e8b465ee728b)  -> (artifact id: '22bbdd896c9281577d892d231d67cc6e') in 0.011380 seconds 
========================================================================
Received Import Request.
  Time since last request: 0.000999 seconds.
  path: Assets/Tilesets/Dungeon/tileset-cave_7.asset
  artifactKey: Guid(354cf34a63ab9274eaa36b989f194a5a) Importer(815301076,1909f56bfc062723c751e8b465ee728b)
Start importing Assets/Tilesets/Dungeon/tileset-cave_7.asset using Guid(354cf34a63ab9274eaa36b989f194a5a) Importer(815301076,1909f56bfc062723c751e8b465ee728b)  -> (artifact id: '480e0477ab5c1d7f13c427f292c81621') in 0.016723 seconds 
========================================================================
Received Import Request.
  Time since last request: 0.000452 seconds.
  path: Assets/Tilesets/Dungeon/tileset-cave_2.asset
  artifactKey: Guid(5b734566f8ac8554f96286f5531a2041) Importer(815301076,1909f56bfc062723c751e8b465ee728b)
Start importing Assets/Tilesets/Dungeon/tileset-cave_2.asset using Guid(5b734566f8ac8554f96286f5531a2041) Importer(815301076,1909f56bfc062723c751e8b465ee728b)  -> (artifact id: 'd5cc7e2d2a8517827a899102532d0df5') in 0.006540 seconds 
========================================================================
Received Import Request.
  Time since last request: 0.000267 seconds.
  path: Assets/Tilesets/Dungeon/tileset-cave_1.asset
  artifactKey: Guid(30ef8d16947dd7248882e4f302910ffd) Importer(815301076,1909f56bfc062723c751e8b465ee728b)
Start importing Assets/Tilesets/Dungeon/tileset-cave_1.asset using Guid(30ef8d16947dd7248882e4f302910ffd) Importer(815301076,1909f56bfc062723c751e8b465ee728b)  -> (artifact id: '89d3616efe218c856ee7825c13a1cfe5') in 0.007811 seconds 
========================================================================
Received Import Request.
  Time since last request: 0.000311 seconds.
  path: Assets/Tilesets/Dungeon/tileset-cave_10.asset
  artifactKey: Guid(813b920a6a98b5d48bcaae364f35586e) Importer(815301076,1909f56bfc062723c751e8b465ee728b)
Start importing Assets/Tilesets/Dungeon/tileset-cave_10.asset using Guid(813b920a6a98b5d48bcaae364f35586e) Importer(815301076,1909f56bfc062723c751e8b465ee728b)  -> (artifact id: '564b552c1a3336809c9f7bc5f36a312f') in 0.007507 seconds 
========================================================================
Received Import Request.
  Time since last request: 86.516138 seconds.
  path: Assets/Tilesets/Dungeon/Dungeon.prefab
  artifactKey: Guid(fd5e79617b7a94942b927d4696191e42) Importer(815301076,1909f56bfc062723c751e8b465ee728b)
Start importing Assets/Tilesets/Dungeon/Dungeon.prefab using Guid(fd5e79617b7a94942b927d4696191e42) Importer(815301076,1909f56bfc062723c751e8b465ee728b)  -> (artifact id: 'ade0d5586c34497b96a39a4e84f26169') in 0.035063 seconds 
========================================================================
Received Import Request.
  Time since last request: 0.000385 seconds.
  path: Assets/Tilesets/Dungeon/tileset-cave_0.asset
  artifactKey: Guid(9694d0d2fbdd1494abf25d81660b52bf) Importer(815301076,1909f56bfc062723c751e8b465ee728b)
Start importing Assets/Tilesets/Dungeon/tileset-cave_0.asset using Guid(9694d0d2fbdd1494abf25d81660b52bf) Importer(815301076,1909f56bfc062723c751e8b465ee728b)  -> (artifact id: 'fbd239d6bcd4c368413f1f9f7211f5f7') in 0.003294 seconds 
========================================================================
Received Import Request.
  Time since last request: 0.000389 seconds.
  path: Assets/Tilesets/Dungeon/tileset-cave_6.asset
  artifactKey: Guid(9eb7747d2ebe45c48b2da46a3950933c) Importer(815301076,1909f56bfc062723c751e8b465ee728b)
Start importing Assets/Tilesets/Dungeon/tileset-cave_6.asset using Guid(9eb7747d2ebe45c48b2da46a3950933c) Importer(815301076,1909f56bfc062723c751e8b465ee728b)  -> (artifact id: '212435e05e1e34b04dd1afb1ddaad853') in 0.002831 seconds 
========================================================================
Received Import Request.
  Time since last request: 0.000362 seconds.
  path: Assets/Tilesets/Dungeon/tileset-cave_5.asset
  artifactKey: Guid(91d997e2d6ef13542a296c9b320c7aaa) Importer(815301076,1909f56bfc062723c751e8b465ee728b)
Start importing Assets/Tilesets/Dungeon/tileset-cave_5.asset using Guid(91d997e2d6ef13542a296c9b320c7aaa) Importer(815301076,1909f56bfc062723c751e8b465ee728b)  -> (artifact id: 'e766f5e7260502ca56941677fcab4403') in 0.003549 seconds 
========================================================================
Received Import Request.
  Time since last request: 0.000357 seconds.
  path: Assets/Tilesets/Dungeon/tileset-cave_9.asset
  artifactKey: Guid(f4a36d25369e76c488a6feaf1493f739) Importer(815301076,1909f56bfc062723c751e8b465ee728b)
Start importing Assets/Tilesets/Dungeon/tileset-cave_9.asset using Guid(f4a36d25369e76c488a6feaf1493f739) Importer(815301076,1909f56bfc062723c751e8b465ee728b)  -> (artifact id: 'a2abdff24603ac7858e115d8f4b06de8') in 0.002709 seconds 
========================================================================
Received Import Request.
  Time since last request: 0.000349 seconds.
  path: Assets/Tilesets/Dungeon/tileset-cave_8.asset
  artifactKey: Guid(af3a265918d57984dbeb8ca59b6b50f3) Importer(815301076,1909f56bfc062723c751e8b465ee728b)
Start importing Assets/Tilesets/Dungeon/tileset-cave_8.asset using Guid(af3a265918d57984dbeb8ca59b6b50f3) Importer(815301076,1909f56bfc062723c751e8b465ee728b)  -> (artifact id: 'a1031738fe2e507d61ebe4f5ce844f0a') in 0.002383 seconds 
========================================================================
Received Import Request.
  Time since last request: 0.000395 seconds.
  path: Assets/Tilesets/Dungeon/tileset-cave_3.asset
  artifactKey: Guid(45461ed4827dbd6409544930f1452dfe) Importer(815301076,1909f56bfc062723c751e8b465ee728b)
Start importing Assets/Tilesets/Dungeon/tileset-cave_3.asset using Guid(45461ed4827dbd6409544930f1452dfe) Importer(815301076,1909f56bfc062723c751e8b465ee728b)  -> (artifact id: 'b564c10ef1402a9eca70258a06f08834') in 0.003138 seconds 
========================================================================
Received Import Request.
  Time since last request: 0.000325 seconds.
  path: Assets/Cave Platformer Tileset/Enviroment sprite sheets/cave_tileset.png
  artifactKey: Guid(894640e3f9d838a4499398609b715c7f) Importer(815301076,1909f56bfc062723c751e8b465ee728b)
Start importing Assets/Cave Platformer Tileset/Enviroment sprite sheets/cave_tileset.png using Guid(894640e3f9d838a4499398609b715c7f) Importer(815301076,1909f56bfc062723c751e8b465ee728b)  -> (artifact id: 'ff83bd5f47ceb0307941dfae3e6d9e91') in 0.212660 seconds 
========================================================================
Received Import Request.
  Time since last request: 0.000290 seconds.
  path: Assets/Tilesets/Dungeon/tileset-cave_4.asset
  artifactKey: Guid(f686f2d016784134a9e80707e0268899) Importer(815301076,1909f56bfc062723c751e8b465ee728b)
Start importing Assets/Tilesets/Dungeon/tileset-cave_4.asset using Guid(f686f2d016784134a9e80707e0268899) Importer(815301076,1909f56bfc062723c751e8b465ee728b)  -> (artifact id: '6acacfef5128ca232ee80ca67efc90b0') in 0.002494 seconds 
========================================================================
Received Import Request.
  Time since last request: 0.000298 seconds.
  path: Assets/Tilesets/Dungeon/tileset-cave_11.asset
  artifactKey: Guid(b2d552299cee3e84386cda9e5da767ce) Importer(815301076,1909f56bfc062723c751e8b465ee728b)
Start importing Assets/Tilesets/Dungeon/tileset-cave_11.asset using Guid(b2d552299cee3e84386cda9e5da767ce) Importer(815301076,1909f56bfc062723c751e8b465ee728b)  -> (artifact id: 'f007bda806e4ef33cd2d5919b5cf4467') in 0.003498 seconds 
========================================================================
Received Import Request.
  Time since last request: 0.000311 seconds.
  path: Assets/Tilesets/Dungeon/tileset-cave_7.asset
  artifactKey: Guid(354cf34a63ab9274eaa36b989f194a5a) Importer(815301076,1909f56bfc062723c751e8b465ee728b)
Start importing Assets/Tilesets/Dungeon/tileset-cave_7.asset using Guid(354cf34a63ab9274eaa36b989f194a5a) Importer(815301076,1909f56bfc062723c751e8b465ee728b)  -> (artifact id: 'b913d202a65d843a3cf8adea4dfa26cd') in 0.002580 seconds 
========================================================================
Received Import Request.
  Time since last request: 0.000335 seconds.
  path: Assets/Tilesets/Dungeon/tileset-cave_2.asset
  artifactKey: Guid(5b734566f8ac8554f96286f5531a2041) Importer(815301076,1909f56bfc062723c751e8b465ee728b)
Start importing Assets/Tilesets/Dungeon/tileset-cave_2.asset using Guid(5b734566f8ac8554f96286f5531a2041) Importer(815301076,1909f56bfc062723c751e8b465ee728b)  -> (artifact id: 'adcaf640e61d93c3ae41e147727bd949') in 0.003140 seconds 
========================================================================
Received Import Request.
  Time since last request: 0.000410 seconds.
  path: Assets/Tilesets/Dungeon/tileset-cave_1.asset
  artifactKey: Guid(30ef8d16947dd7248882e4f302910ffd) Importer(815301076,1909f56bfc062723c751e8b465ee728b)
Start importing Assets/Tilesets/Dungeon/tileset-cave_1.asset using Guid(30ef8d16947dd7248882e4f302910ffd) Importer(815301076,1909f56bfc062723c751e8b465ee728b)  -> (artifact id: '9d453507f83e90a6ed3164d679a05cfa') in 0.003432 seconds 
========================================================================
Received Import Request.
  Time since last request: 0.000349 seconds.
  path: Assets/Tilesets/Dungeon/tileset-cave_10.asset
  artifactKey: Guid(813b920a6a98b5d48bcaae364f35586e) Importer(815301076,1909f56bfc062723c751e8b465ee728b)
Start importing Assets/Tilesets/Dungeon/tileset-cave_10.asset using Guid(813b920a6a98b5d48bcaae364f35586e) Importer(815301076,1909f56bfc062723c751e8b465ee728b)  -> (artifact id: '7e64f999eb8c537658d592e1e1ecd8dc') in 0.002472 seconds 
========================================================================
Received Import Request.
  Time since last request: 23.320379 seconds.
  path: Assets/Cave Platformer Tileset/Enviroment sprite sheets/cave_tileset.png
  artifactKey: Guid(894640e3f9d838a4499398609b715c7f) Importer(815301076,1909f56bfc062723c751e8b465ee728b)
Start importing Assets/Cave Platformer Tileset/Enviroment sprite sheets/cave_tileset.png using Guid(894640e3f9d838a4499398609b715c7f) Importer(815301076,1909f56bfc062723c751e8b465ee728b)  -> (artifact id: 'bca9fca4491e4b979d81c5efce96feeb') in 0.133313 seconds 
========================================================================
Received Import Request.
  Time since last request: 183.019741 seconds.
  path: Assets/Tilesets/Dungeon/tileset-cave_12.asset
  artifactKey: Guid(dc73ee5eec3b31144835af4f739e11c2) Importer(815301076,1909f56bfc062723c751e8b465ee728b)
Start importing Assets/Tilesets/Dungeon/tileset-cave_12.asset using Guid(dc73ee5eec3b31144835af4f739e11c2) Importer(815301076,1909f56bfc062723c751e8b465ee728b)  -> (artifact id: '096d6578a9a0f72360a87347e44d7b65') in 0.002822 seconds 
========================================================================
Received Import Request.
  Time since last request: 0.000315 seconds.
  path: Assets/Tilesets/Dungeon/tileset-cave_13.asset
  artifactKey: Guid(645163235518b7340b2f4d0d96504117) Importer(815301076,1909f56bfc062723c751e8b465ee728b)
Start importing Assets/Tilesets/Dungeon/tileset-cave_13.asset using Guid(645163235518b7340b2f4d0d96504117) Importer(815301076,1909f56bfc062723c751e8b465ee728b)  -> (artifact id: '8456fd4e31ce36187dd148536bcf4a38') in 0.002514 seconds 
========================================================================
Received Import Request.
  Time since last request: 0.000311 seconds.
  path: Assets/Tilesets/Dungeon/tileset-cave_15.asset
  artifactKey: Guid(46167ebef1c0fde4183ff83e9d0eac62) Importer(815301076,1909f56bfc062723c751e8b465ee728b)
Start importing Assets/Tilesets/Dungeon/tileset-cave_15.asset using Guid(46167ebef1c0fde4183ff83e9d0eac62) Importer(815301076,1909f56bfc062723c751e8b465ee728b)  -> (artifact id: '931e7cdc00c938c7ff09988b1e6c4b2a') in 0.003159 seconds 
========================================================================
Received Import Request.
  Time since last request: 0.000340 seconds.
  path: Assets/Tilesets/Dungeon/tileset-cave_14.asset
  artifactKey: Guid(dbaa308a1821a9e41bbfa0d243d18556) Importer(815301076,1909f56bfc062723c751e8b465ee728b)
Start importing Assets/Tilesets/Dungeon/tileset-cave_14.asset using Guid(dbaa308a1821a9e41bbfa0d243d18556) Importer(815301076,1909f56bfc062723c751e8b465ee728b)  -> (artifact id: 'bbaf1a0d968921ecdb45b81fb8dc0a25') in 0.002705 seconds 
========================================================================
Received Import Request.
  Time since last request: 0.000338 seconds.
  path: Assets/Tilesets/Dungeon/tileset-cave_23.asset
  artifactKey: Guid(ba2bdb575987dd847b2139c5c159b9e5) Importer(815301076,1909f56bfc062723c751e8b465ee728b)
Start importing Assets/Tilesets/Dungeon/tileset-cave_23.asset using Guid(ba2bdb575987dd847b2139c5c159b9e5) Importer(815301076,1909f56bfc062723c751e8b465ee728b)  -> (artifact id: '59ec54d657218689ed955a443a63f0f1') in 0.002824 seconds 
========================================================================
Received Import Request.
  Time since last request: 0.000306 seconds.
  path: Assets/Tilesets/Dungeon/tileset-cave_21.asset
  artifactKey: Guid(f8e94902661104048874dd98fc368d73) Importer(815301076,1909f56bfc062723c751e8b465ee728b)
Start importing Assets/Tilesets/Dungeon/tileset-cave_21.asset using Guid(f8e94902661104048874dd98fc368d73) Importer(815301076,1909f56bfc062723c751e8b465ee728b)  -> (artifact id: 'f18feb66a1c213af556f600afaab60f7') in 0.003684 seconds 
========================================================================
Received Import Request.
  Time since last request: 0.000296 seconds.
  path: Assets/Tilesets/Dungeon/tileset-cave_22.asset
  artifactKey: Guid(083ff8b948af5da4d8fb4f70fb97e5df) Importer(815301076,1909f56bfc062723c751e8b465ee728b)
Start importing Assets/Tilesets/Dungeon/tileset-cave_22.asset using Guid(083ff8b948af5da4d8fb4f70fb97e5df) Importer(815301076,1909f56bfc062723c751e8b465ee728b)  -> (artifact id: '5d1e0b06b5e8b6b55ffb95e7f0408f4a') in 0.002690 seconds 
========================================================================
Received Import Request.
  Time since last request: 0.000315 seconds.
  path: Assets/Tilesets/Dungeon/tileset-cave_18.asset
  artifactKey: Guid(b3657b08712b1b24aae52c55cb2890b4) Importer(815301076,1909f56bfc062723c751e8b465ee728b)
Start importing Assets/Tilesets/Dungeon/tileset-cave_18.asset using Guid(b3657b08712b1b24aae52c55cb2890b4) Importer(815301076,1909f56bfc062723c751e8b465ee728b)  -> (artifact id: '9128112ef5f52a89942822fee1116169') in 0.002855 seconds 
========================================================================
Received Import Request.
  Time since last request: 0.000283 seconds.
  path: Assets/Tilesets/Dungeon/tileset-cave_24.asset
  artifactKey: Guid(39bcdc0b87aba5a49bbc23c7c21b1146) Importer(815301076,1909f56bfc062723c751e8b465ee728b)
Start importing Assets/Tilesets/Dungeon/tileset-cave_24.asset using Guid(39bcdc0b87aba5a49bbc23c7c21b1146) Importer(815301076,1909f56bfc062723c751e8b465ee728b)  -> (artifact id: 'd5800044e2aa222d163f524f37166413') in 0.002781 seconds 
========================================================================
Received Import Request.
  Time since last request: 0.000315 seconds.
  path: Assets/Tilesets/Dungeon/tileset-cave_16.asset
  artifactKey: Guid(104193fd489f1e348b418eb55a36b7d0) Importer(815301076,1909f56bfc062723c751e8b465ee728b)
Start importing Assets/Tilesets/Dungeon/tileset-cave_16.asset using Guid(104193fd489f1e348b418eb55a36b7d0) Importer(815301076,1909f56bfc062723c751e8b465ee728b)  -> (artifact id: '2cf94006e276977c7fbe976b7ed1bc7f') in 0.003329 seconds 
========================================================================
Received Import Request.
  Time since last request: 0.000313 seconds.
  path: Assets/Tilesets/Dungeon/tileset-cave_20.asset
  artifactKey: Guid(7bd416cb5016ebe4791b7e1d1bec4807) Importer(815301076,1909f56bfc062723c751e8b465ee728b)
Start importing Assets/Tilesets/Dungeon/tileset-cave_20.asset using Guid(7bd416cb5016ebe4791b7e1d1bec4807) Importer(815301076,1909f56bfc062723c751e8b465ee728b)  -> (artifact id: 'c2e0d566f302b622f693859f2bfe4ea8') in 0.002540 seconds 
========================================================================
Received Import Request.
  Time since last request: 0.000533 seconds.
  path: Assets/Tilesets/Dungeon/tileset-cave_17.asset
  artifactKey: Guid(4676ee0ef4ee7bc488361d2e20f25a97) Importer(815301076,1909f56bfc062723c751e8b465ee728b)
Start importing Assets/Tilesets/Dungeon/tileset-cave_17.asset using Guid(4676ee0ef4ee7bc488361d2e20f25a97) Importer(815301076,1909f56bfc062723c751e8b465ee728b)  -> (artifact id: '8400a1e6ee452221373705e74f892edd') in 0.002561 seconds 
========================================================================
Received Import Request.
  Time since last request: 0.000356 seconds.
  path: Assets/Tilesets/Dungeon/tileset-cave_19.asset
  artifactKey: Guid(03e4b95877a45c2499ebeda1c5dd26d0) Importer(815301076,1909f56bfc062723c751e8b465ee728b)
Start importing Assets/Tilesets/Dungeon/tileset-cave_19.asset using Guid(03e4b95877a45c2499ebeda1c5dd26d0) Importer(815301076,1909f56bfc062723c751e8b465ee728b)  -> (artifact id: '0d589f91a38b902d9829cfc730a8d630') in 0.002808 seconds 
========================================================================
Received Import Request.
  Time since last request: 0.233273 seconds.
  path: Assets/Tilesets/Dungeon/tileset-cave_25.asset
  artifactKey: Guid(70f14f7165335e24491fa515f0842378) Importer(815301076,1909f56bfc062723c751e8b465ee728b)
Start importing Assets/Tilesets/Dungeon/tileset-cave_25.asset using Guid(70f14f7165335e24491fa515f0842378) Importer(815301076,1909f56bfc062723c751e8b465ee728b)  -> (artifact id: 'fdeefd35aaea126dbd83a08d22c10385') in 0.002816 seconds 
========================================================================
Received Import Request.
  Time since last request: 0.000350 seconds.
  path: Assets/Tilesets/Dungeon/tileset-cave_26.asset
  artifactKey: Guid(48504190fb59764459e6aca5df031e13) Importer(815301076,1909f56bfc062723c751e8b465ee728b)
Start importing Assets/Tilesets/Dungeon/tileset-cave_26.asset using Guid(48504190fb59764459e6aca5df031e13) Importer(815301076,1909f56bfc062723c751e8b465ee728b)  -> (artifact id: '508a3af30fa59aabee744536eb67652c') in 0.018453 seconds 
========================================================================
Received Import Request.
  Time since last request: 0.000303 seconds.
  path: Assets/Tilesets/Dungeon/tileset-cave_28.asset
  artifactKey: Guid(0c3234a70595037459e29b25aca449d6) Importer(815301076,1909f56bfc062723c751e8b465ee728b)
Start importing Assets/Tilesets/Dungeon/tileset-cave_28.asset using Guid(0c3234a70595037459e29b25aca449d6) Importer(815301076,1909f56bfc062723c751e8b465ee728b)  -> (artifact id: 'b1ad7fc53dca3245d65f677bdec3e869') in 0.020588 seconds 
========================================================================
Received Import Request.
  Time since last request: 0.000256 seconds.
  path: Assets/Tilesets/Dungeon/tileset-cave_27.asset
  artifactKey: Guid(ae6a31fa0178bbd469f9a78302e95070) Importer(815301076,1909f56bfc062723c751e8b465ee728b)
Start importing Assets/Tilesets/Dungeon/tileset-cave_27.asset using Guid(ae6a31fa0178bbd469f9a78302e95070) Importer(815301076,1909f56bfc062723c751e8b465ee728b)  -> (artifact id: 'a4c5dbab3cdc2b6ec6e3128851c39180') in 0.003901 seconds 
========================================================================
Received Import Request.
  Time since last request: 0.000273 seconds.
  path: Assets/Tilesets/Dungeon/tileset-cave_29.asset
  artifactKey: Guid(7b2ef97a16a425d4eab60b8129652ae8) Importer(815301076,1909f56bfc062723c751e8b465ee728b)
Start importing Assets/Tilesets/Dungeon/tileset-cave_29.asset using Guid(7b2ef97a16a425d4eab60b8129652ae8) Importer(815301076,1909f56bfc062723c751e8b465ee728b)  -> (artifact id: '661f1917717991091de31a424ca976a1') in 0.003596 seconds 
AssetImportWorkerClient::OnTransportError - code=2 error=End of file
